<<<<<<< HEAD
Flow report for Project_Flappy_V1
Thu May 25 09:36:54 2023
Quartus II 64-Bit Version 13.0.0 Build 156 04/24/2013 SJ Full Version
=======
Flow report for Project_Flappy_v1
Thu May 25 11:17:21 2023
Quartus Prime Version 18.1.0 Build 625 09/12/2018 SJ Lite Edition
>>>>>>> b392f52789c724a8821a22f0f848685527bca3ca


---------------------
; Table of Contents ;
---------------------
  1. Legal Notice
  2. Flow Summary
  3. Flow Settings
  4. Flow Non-Default Global Settings
  5. Flow Elapsed Time
  6. Flow OS Summary
  7. Flow Log
  8. Flow Messages
  9. Flow Suppressed Messages



----------------
; Legal Notice ;
----------------
Copyright (C) 1991-2013 Altera Corporation
Your use of Altera Corporation's design tools, logic functions 
and other software and tools, and its AMPP partner logic 
functions, and any output files from any of the foregoing 
(including device programming or simulation files), and any 
associated documentation or information are expressly subject 
to the terms and conditions of the Altera Program License 
Subscription Agreement, Altera MegaCore Function License 
Agreement, or other applicable license agreement, including, 
without limitation, that your use is for the sole purpose of 
programming logic devices manufactured by Altera and sold by 
Altera or its authorized distributors.  Please refer to the 
applicable agreement for further details.



<<<<<<< HEAD
+-----------------------------------------------------------------------------------+
; Flow Summary                                                                      ;
+-------------------------------------+---------------------------------------------+
; Flow Status                         ; Successful - Thu May 25 09:36:54 2023       ;
; Quartus II 64-Bit Version           ; 13.0.0 Build 156 04/24/2013 SJ Full Version ;
; Revision Name                       ; Project_Flappy_V1                           ;
; Top-level Entity Name               ; Project_Flappy_V1                           ;
; Family                              ; Cyclone V                                   ;
; Device                              ; 5CEFA4F23C7                                 ;
; Timing Models                       ; Preliminary                                 ;
; Logic utilization (in ALMs)         ; N/A                                         ;
; Total registers                     ; 307                                         ;
; Total pins                          ; 28                                          ;
; Total virtual pins                  ; 0                                           ;
; Total block memory bits             ; 0                                           ;
; Total DSP Blocks                    ; 0                                           ;
; Total HSSI RX PCSs                  ; 0                                           ;
; Total HSSI PMA RX Deserializers     ; 0                                           ;
; Total HSSI PMA RX ATT Deserializers ; 0                                           ;
; Total HSSI TX PCSs                  ; 0                                           ;
; Total HSSI PMA TX Serializers       ; 0                                           ;
; Total HSSI PMA TX ATT Serializers   ; 0                                           ;
; Total PLLs                          ; 0                                           ;
; Total DLLs                          ; 0                                           ;
+-------------------------------------+---------------------------------------------+
=======
+-------------------------------------------------------------------------------+
; Flow Summary                                                                  ;
+---------------------------------+---------------------------------------------+
; Flow Status                     ; Successful - Thu May 25 11:17:13 2023       ;
; Quartus Prime Version           ; 18.1.0 Build 625 09/12/2018 SJ Lite Edition ;
; Revision Name                   ; Project_Flappy_v1                           ;
; Top-level Entity Name           ; Project_Flappy_V1                           ;
; Family                          ; Cyclone V                                   ;
; Device                          ; 5CEBA4F23C7                                 ;
; Timing Models                   ; Final                                       ;
; Logic utilization (in ALMs)     ; 405 / 18,480 ( 2 % )                        ;
; Total registers                 ; 334                                         ;
; Total pins                      ; 28 / 224 ( 13 % )                           ;
; Total virtual pins              ; 0                                           ;
; Total block memory bits         ; 64 / 3,153,920 ( < 1 % )                    ;
; Total DSP Blocks                ; 0 / 66 ( 0 % )                              ;
; Total HSSI RX PCSs              ; 0                                           ;
; Total HSSI PMA RX Deserializers ; 0                                           ;
; Total HSSI TX PCSs              ; 0                                           ;
; Total HSSI PMA TX Serializers   ; 0                                           ;
; Total PLLs                      ; 0 / 4 ( 0 % )                               ;
; Total DLLs                      ; 0 / 4 ( 0 % )                               ;
+---------------------------------+---------------------------------------------+
>>>>>>> b392f52789c724a8821a22f0f848685527bca3ca


+-----------------------------------------+
; Flow Settings                           ;
+-------------------+---------------------+
; Option            ; Setting             ;
+-------------------+---------------------+
<<<<<<< HEAD
; Start date & time ; 05/25/2023 09:36:52 ;
=======
; Start date & time ; 05/25/2023 11:15:44 ;
>>>>>>> b392f52789c724a8821a22f0f848685527bca3ca
; Main task         ; Compilation         ;
; Revision Name     ; Project_Flappy_V1   ;
+-------------------+---------------------+


<<<<<<< HEAD
+------------------------------------------------------------------------------------------------------------------+
; Flow Non-Default Global Settings                                                                                 ;
+-------------------------------------+---------------------------------+---------------+-------------+------------+
; Assignment Name                     ; Value                           ; Default Value ; Entity Name ; Section Id ;
+-------------------------------------+---------------------------------+---------------+-------------+------------+
; COMPILER_SIGNATURE_ID               ; 251053327267080.168496421209324 ; --            ; --          ; --         ;
; MAX_CORE_JUNCTION_TEMP              ; 85                              ; --            ; --          ; --         ;
; MIN_CORE_JUNCTION_TEMP              ; 0                               ; --            ; --          ; --         ;
; PARTITION_COLOR                     ; 16764057                        ; --            ; --          ; Top        ;
; PARTITION_FITTER_PRESERVATION_LEVEL ; PLACEMENT_AND_ROUTING           ; --            ; --          ; Top        ;
; PARTITION_NETLIST_TYPE              ; SOURCE                          ; --            ; --          ; Top        ;
; PROJECT_OUTPUT_DIRECTORY            ; output_files                    ; --            ; --          ; --         ;
+-------------------------------------+---------------------------------+---------------+-------------+------------+
=======
+----------------------------------------------------------------------------------------------------------------------------+
; Flow Non-Default Global Settings                                                                                           ;
+-------------------------------------+----------------------------------------+---------------+----------------+------------+
; Assignment Name                     ; Value                                  ; Default Value ; Entity Name    ; Section Id ;
+-------------------------------------+----------------------------------------+---------------+----------------+------------+
; COMPILER_SIGNATURE_ID               ; 38917505025.168497014422616            ; --            ; --             ; --         ;
; MAX_CORE_JUNCTION_TEMP              ; 85                                     ; --            ; --             ; --         ;
; MIN_CORE_JUNCTION_TEMP              ; 0                                      ; --            ; --             ; --         ;
; PARTITION_COLOR                     ; -- (Not supported for targeted family) ; --            ; DE0_CV_Default ; Top        ;
; PARTITION_COLOR                     ; -- (Not supported for targeted family) ; --            ; --             ; Top        ;
; PARTITION_FITTER_PRESERVATION_LEVEL ; -- (Not supported for targeted family) ; --            ; DE0_CV_Default ; Top        ;
; PARTITION_FITTER_PRESERVATION_LEVEL ; -- (Not supported for targeted family) ; --            ; --             ; Top        ;
; PARTITION_NETLIST_TYPE              ; -- (Not supported for targeted family) ; --            ; DE0_CV_Default ; Top        ;
; PARTITION_NETLIST_TYPE              ; -- (Not supported for targeted family) ; --            ; --             ; Top        ;
; POWER_BOARD_THERMAL_MODEL           ; None (CONSERVATIVE)                    ; --            ; --             ; --         ;
; POWER_PRESET_COOLING_SOLUTION       ; 23 MM HEAT SINK WITH 200 LFPM AIRFLOW  ; --            ; --             ; --         ;
; PROJECT_OUTPUT_DIRECTORY            ; output_files                           ; --            ; --             ; --         ;
+-------------------------------------+----------------------------------------+---------------+----------------+------------+
>>>>>>> b392f52789c724a8821a22f0f848685527bca3ca


+--------------------------------------------------------------------------------------------------------------------------+
; Flow Elapsed Time                                                                                                        ;
+----------------------+--------------+-------------------------+---------------------+------------------------------------+
; Module Name          ; Elapsed Time ; Average Processors Used ; Peak Virtual Memory ; Total CPU Time (on all processors) ;
+----------------------+--------------+-------------------------+---------------------+------------------------------------+
<<<<<<< HEAD
; Analysis & Synthesis ; 00:00:03     ; 1.0                     ; 4726 MB             ; 00:00:03                           ;
; Total                ; 00:00:03     ; --                      ; --                  ; 00:00:03                           ;
=======
; Analysis & Synthesis ; 00:00:13     ; 1.0                     ; 4932 MB             ; 00:00:25                           ;
; Fitter               ; 00:01:11     ; 1.1                     ; 7634 MB             ; 00:07:08                           ;
; Assembler            ; 00:00:03     ; 1.0                     ; 4816 MB             ; 00:00:04                           ;
; Timing Analyzer      ; 00:00:07     ; 1.8                     ; 5242 MB             ; 00:00:10                           ;
; Total                ; 00:01:34     ; --                      ; --                  ; 00:07:47                           ;
>>>>>>> b392f52789c724a8821a22f0f848685527bca3ca
+----------------------+--------------+-------------------------+---------------------+------------------------------------+


+-----------------------------------------------------------------------------------+
; Flow OS Summary                                                                   ;
+----------------------+------------------+-----------+------------+----------------+
; Module Name          ; Machine Hostname ; OS Name   ; OS Version ; Processor type ;
+----------------------+------------------+-----------+------------+----------------+
; Analysis & Synthesis ; EN403697         ; Windows 7 ; 6.2        ; x86_64         ;
+----------------------+------------------+-----------+------------+----------------+


------------
; Flow Log ;
------------
quartus_map --read_settings_files=on --write_settings_files=off Project_Flappy_V1 -c Project_Flappy_V1



